[0m10:26:17.862558 [debug] [MainThread]: Sending event: {'category': 'dbt', 'action': 'invocation', 'label': 'start', 'context': [<snowplow_tracker.self_describing_json.SelfDescribingJson object at 0x7f9a0ff30770>, <snowplow_tracker.self_describing_json.SelfDescribingJson object at 0x7f9a0f04fef0>, <snowplow_tracker.self_describing_json.SelfDescribingJson object at 0x7f9a0f2c4ef0>]}


============================== 10:26:17.878376 | 6096db88-f68a-4250-92c0-782696bfbaae ==============================
[0m10:26:17.878376 [info ] [MainThread]: Running with dbt=1.8.1
[0m10:26:17.880352 [debug] [MainThread]: running dbt with arguments {'printer_width': '80', 'indirect_selection': 'eager', 'log_cache_events': 'False', 'write_json': 'True', 'partial_parse': 'True', 'cache_selected_only': 'False', 'warn_error': 'None', 'debug': 'False', 'profiles_dir': '/home/ahona/.dbt', 'log_path': 'logs', 'fail_fast': 'False', 'version_check': 'True', 'use_colors': 'True', 'use_experimental_parser': 'False', 'no_print': 'None', 'quiet': 'False', 'log_format': 'default', 'introspect': 'True', 'invocation_command': 'dbt init', 'warn_error_options': 'WarnErrorOptions(include=[], exclude=[])', 'target_path': 'None', 'static_parser': 'True', 'send_anonymous_usage_stats': 'True'}
[0m10:26:33.068110 [debug] [MainThread]: Starter project path: /home/ahona/miniconda3/lib/python3.12/site-packages/dbt/include/starter_project
[0m10:26:33.074226 [info ] [MainThread]: 
Your new dbt project "newyorktripdataanalyses" was created!

For more information on how to configure the profiles.yml file,
please consult the dbt documentation here:

  https://docs.getdbt.com/docs/configure-your-profile

One more thing:

Need help? Don't hesitate to reach out to us via GitHub issues or on Slack:

  https://community.getdbt.com/

Happy modeling!

[0m10:26:33.075237 [info ] [MainThread]: Setting up your profile.
[0m10:27:08.973105 [info ] [MainThread]: Profile newyorktripdataanalyses written to /home/ahona/.dbt/profiles.yml using target's profile_template.yml and your supplied values. Run 'dbt debug' to validate the connection.
[0m10:27:08.977783 [debug] [MainThread]: Resource report: {"command_name": "init", "command_success": true, "command_wall_clock_time": 50.63038, "process_user_time": 2.600862, "process_kernel_time": 0.176308, "process_mem_max_rss": "94968", "process_in_blocks": "2800", "process_out_blocks": "80"}
[0m10:27:08.979917 [debug] [MainThread]: Command `dbt init` succeeded at 10:27:08.979486 after 50.63 seconds
[0m10:27:08.981426 [debug] [MainThread]: Sending event: {'category': 'dbt', 'action': 'invocation', 'label': 'end', 'context': [<snowplow_tracker.self_describing_json.SelfDescribingJson object at 0x7f9a12452ed0>, <snowplow_tracker.self_describing_json.SelfDescribingJson object at 0x7f9a0e556c90>, <snowplow_tracker.self_describing_json.SelfDescribingJson object at 0x7f9a0e75dbe0>]}
[0m10:27:08.982940 [debug] [MainThread]: Flushing usage events
